0 info it worked if it ends with ok
1 verbose cli [ '/usr/local/bin/iojs',
1 verbose cli   '/usr/local/bin/npm',
1 verbose cli   'install',
1 verbose cli   '-g',
1 verbose cli   'generator-koa' ]
2 info using npm@2.14.3
3 info using node@v3.3.1
4 verbose install initial load of /usr/local/lib/package.json
5 verbose readDependencies loading dependencies from /usr/local/lib/package.json
6 silly cache add args [ 'generator-koa', null ]
7 verbose cache add spec generator-koa
8 silly cache add parsed spec Result {
8 silly cache add   raw: 'generator-koa',
8 silly cache add   scope: null,
8 silly cache add   name: 'generator-koa',
8 silly cache add   rawSpec: '',
8 silly cache add   spec: '*',
8 silly cache add   type: 'range' }
9 silly addNamed generator-koa@*
10 verbose addNamed "*" is a valid semver range for generator-koa
11 silly addNameRange { name: 'generator-koa', range: '*', hasData: false }
12 silly mapToRegistry name generator-koa
13 silly mapToRegistry using default registry
14 silly mapToRegistry registry https://registry.npmjs.org/
15 silly mapToRegistry uri https://registry.npmjs.org/generator-koa
16 verbose addNameRange registry:https://registry.npmjs.org/generator-koa not in flight; fetching
17 verbose request uri https://registry.npmjs.org/generator-koa
18 verbose request no auth needed
19 info attempt registry request try #1 at 19:45:31
20 verbose request id 5c5aaad59c3b8653
21 http request GET https://registry.npmjs.org/generator-koa
22 http 200 https://registry.npmjs.org/generator-koa
23 silly get cb [ 200,
23 silly get   { server: 'nginx/1.10.1',
23 silly get     'content-type': 'application/json',
23 silly get     'last-modified': 'Mon, 07 Nov 2016 03:33:36 GMT',
23 silly get     etag: 'W/"581ff610-2942"',
23 silly get     'content-encoding': 'gzip',
23 silly get     'cache-control': 'max-age=300',
23 silly get     'content-length': '1841',
23 silly get     'accept-ranges': 'bytes',
23 silly get     date: 'Fri, 24 Feb 2017 11:45:32 GMT',
23 silly get     via: '1.1 varnish',
23 silly get     age: '0',
23 silly get     connection: 'keep-alive',
23 silly get     'x-served-by': 'cache-nrt6120-NRT',
23 silly get     'x-cache': 'MISS',
23 silly get     'x-cache-hits': '0',
23 silly get     'x-timer': 'S1487936732.209171,VS0,VE136',
23 silly get     vary: 'Accept-Encoding' } ]
24 verbose get saving generator-koa to /Users/lichunxia/.npm/registry.npmjs.org/generator-koa/.cache.json
25 silly addNameRange number 2 { name: 'generator-koa', range: '*', hasData: true }
26 silly addNameRange versions [ 'generator-koa',
26 silly addNameRange   [ '0.1.0',
26 silly addNameRange     '0.1.1',
26 silly addNameRange     '0.1.2',
26 silly addNameRange     '0.1.3',
26 silly addNameRange     '0.1.4',
26 silly addNameRange     '0.1.5',
26 silly addNameRange     '0.1.6',
26 silly addNameRange     '0.2.0' ] ]
27 silly addNamed generator-koa@0.2.0
28 verbose addNamed "0.2.0" is a plain semver version for generator-koa
29 silly mapToRegistry name generator-koa
30 silly mapToRegistry using default registry
31 silly mapToRegistry registry https://registry.npmjs.org/
32 silly mapToRegistry uri https://registry.npmjs.org/generator-koa
33 verbose addRemoteTarball https://registry.npmjs.org/generator-koa/-/generator-koa-0.2.0.tgz not in flight; adding
34 verbose addRemoteTarball [ 'https://registry.npmjs.org/generator-koa/-/generator-koa-0.2.0.tgz',
34 verbose addRemoteTarball   '4fc922965dc68b58f0cdd06d7b0f2d1fc20393b6' ]
35 info retry fetch attempt 1 at 19:45:32
36 info attempt registry request try #1 at 19:45:32
37 http fetch GET https://registry.npmjs.org/generator-koa/-/generator-koa-0.2.0.tgz
38 http fetch 200 https://registry.npmjs.org/generator-koa/-/generator-koa-0.2.0.tgz
39 silly fetchAndShaCheck shasum 4fc922965dc68b58f0cdd06d7b0f2d1fc20393b6
40 verbose addTmpTarball /var/folders/8t/drdmf2ds0_n6z_bvw6cxnggr0000gn/T/npm-2800-cad53bd0/registry.npmjs.org/generator-koa/-/generator-koa-0.2.0.tgz not in flight; adding
41 verbose addTmpTarball already have metadata; skipping unpack for generator-koa@0.2.0
42 silly cache afterAdd generator-koa@0.2.0
43 verbose afterAdd /Users/lichunxia/.npm/generator-koa/0.2.0/package/package.json not in flight; writing
44 verbose afterAdd /Users/lichunxia/.npm/generator-koa/0.2.0/package/package.json written
45 silly install resolved [ { name: 'generator-koa',
45 silly install resolved     version: '0.2.0',
45 silly install resolved     description: 'A Koa generator for Yeoman',
45 silly install resolved     license: 'MIT',
45 silly install resolved     keywords: [ 'yeoman-generator', 'koa' ],
45 silly install resolved     homepage: 'https://github.com/peter-vilja/generator-koa',
45 silly install resolved     bugs: { url: 'https://github.com/peter-vilja/generator-koa/issues' },
45 silly install resolved     author: { name: 'Peter Vilja', url: 'https://github.com/peter-vilja' },
45 silly install resolved     main: 'app/index.js',
45 silly install resolved     repository:
45 silly install resolved      { type: 'git',
45 silly install resolved        url: 'git://github.com/peter-vilja/generator-koa.git' },
45 silly install resolved     scripts: { test: 'mocha' },
45 silly install resolved     dependencies: { 'yeoman-generator': '^0.22.5' },
45 silly install resolved     devDependencies:
45 silly install resolved      { mocha: '^2.4.5',
45 silly install resolved        'yeoman-assert': '^2.1.1',
45 silly install resolved        'yeoman-test': '^1.1.0' },
45 silly install resolved     engines: { node: '>=5.0.0' },
45 silly install resolved     gitHead: 'c744c3ec3b85a10f33a8e6e9dd0b3772a736eafc',
45 silly install resolved     _id: 'generator-koa@0.2.0',
45 silly install resolved     _shasum: '4fc922965dc68b58f0cdd06d7b0f2d1fc20393b6',
45 silly install resolved     _from: 'generator-koa@*',
45 silly install resolved     _npmVersion: '3.7.3',
45 silly install resolved     _nodeVersion: '5.9.0',
45 silly install resolved     _npmUser: { name: 'petervilja', email: 'peter.vilja@gmail.com' },
45 silly install resolved     dist:
45 silly install resolved      { shasum: '4fc922965dc68b58f0cdd06d7b0f2d1fc20393b6',
45 silly install resolved        tarball: 'https://registry.npmjs.org/generator-koa/-/generator-koa-0.2.0.tgz' },
45 silly install resolved     maintainers: [ [Object] ],
45 silly install resolved     _npmOperationalInternal:
45 silly install resolved      { host: 'packages-13-west.internal.npmjs.com',
45 silly install resolved        tmp: 'tmp/generator-koa-0.2.0.tgz_1458593832961_0.7531883525662124' },
45 silly install resolved     directories: {},
45 silly install resolved     _resolved: 'https://registry.npmjs.org/generator-koa/-/generator-koa-0.2.0.tgz' } ]
46 info install generator-koa@0.2.0 into /usr/local/lib
47 info installOne generator-koa@0.2.0
48 verbose installOne of generator-koa to /usr/local/lib not in flight; installing
49 verbose lock using /Users/lichunxia/.npm/_locks/generator-koa-c3595288ffb15247.lock for /usr/local/lib/node_modules/generator-koa
50 warn engine generator-koa@0.2.0: wanted: {"node":">=5.0.0"} (current: {"node":"3.3.1","npm":"2.14.3"})
51 silly install write writing generator-koa 0.2.0 to /usr/local/lib/node_modules/generator-koa
52 verbose unbuild lib/node_modules/generator-koa
53 silly gentlyRm /usr/local/lib/node_modules/generator-koa is being purged from base /usr/local
54 verbose gentlyRm don't care about contents; nuking /usr/local/lib/node_modules/generator-koa
55 verbose tar unpack /Users/lichunxia/.npm/generator-koa/0.2.0/package.tgz
56 verbose tar unpacking to /usr/local/lib/node_modules/generator-koa
57 silly gentlyRm /usr/local/lib/node_modules/generator-koa is being purged
58 verbose gentlyRm don't care about contents; nuking /usr/local/lib/node_modules/generator-koa
59 silly gunzTarPerm modes [ '755', '644' ]
60 error tar.unpack untar error /Users/lichunxia/.npm/generator-koa/0.2.0/package.tgz
61 verbose unlock done using /Users/lichunxia/.npm/_locks/generator-koa-c3595288ffb15247.lock for /usr/local/lib/node_modules/generator-koa
62 verbose fstream_path /usr/local/lib/node_modules/generator-koa
63 verbose fstream_type Directory
64 verbose fstream_class DirWriter
65 verbose stack Error: EACCES: permission denied, mkdir '/usr/local/lib/node_modules/generator-koa'
65 verbose stack     at Error (native)
66 verbose fstream_stack /usr/local/lib/node_modules/npm/node_modules/fstream/lib/dir-writer.js:35:25
66 verbose fstream_stack /usr/local/lib/node_modules/npm/node_modules/mkdirp/index.js:47:53
66 verbose fstream_stack FSReqWrap.oncomplete (fs.js:82:15)
67 verbose cwd /Users/lichunxia/Desktop/yideng/node/koa
68 error Darwin 15.6.0
69 error argv "/usr/local/bin/iojs" "/usr/local/bin/npm" "install" "-g" "generator-koa"
70 error node v3.3.1
71 error npm  v2.14.3
72 error path /usr/local/lib/node_modules/generator-koa
73 error code EACCES
74 error errno -13
75 error syscall mkdir
76 error Error: EACCES: permission denied, mkdir '/usr/local/lib/node_modules/generator-koa'
76 error     at Error (native)
76 error  { [Error: EACCES: permission denied, mkdir '/usr/local/lib/node_modules/generator-koa']
76 error   errno: -13,
76 error   code: 'EACCES',
76 error   syscall: 'mkdir',
76 error   path: '/usr/local/lib/node_modules/generator-koa',
76 error   fstream_type: 'Directory',
76 error   fstream_path: '/usr/local/lib/node_modules/generator-koa',
76 error   fstream_class: 'DirWriter',
76 error   fstream_stack:
76 error    [ '/usr/local/lib/node_modules/npm/node_modules/fstream/lib/dir-writer.js:35:25',
76 error      '/usr/local/lib/node_modules/npm/node_modules/mkdirp/index.js:47:53',
76 error      'FSReqWrap.oncomplete (fs.js:82:15)' ] }
77 error Please try running this command again as root/Administrator.
78 verbose exit [ -13, true ]
79 verbose unbuild lib/node_modules/generator-koa
80 silly gentlyRm /usr/local/lib/node_modules/generator-koa is being purged from base /usr/local
81 verbose gentlyRm don't care about contents; nuking /usr/local/lib/node_modules/generator-koa
